::1 - - [06/Apr/2023:03:20:38 +0000] "GET /products HTTP/1.1" 200 43639
::1 - - [06/Apr/2023:03:20:38 +0000] "GET /css/bootstrap.min.css HTTP/1.1" 304 -
::1 - - [06/Apr/2023:03:20:38 +0000] "GET /css/styles.css HTTP/1.1" 304 -
::1 - - [06/Apr/2023:03:20:38 +0000] "GET /js/bootstrap.min.js HTTP/1.1" 304 -
::1 - - [06/Apr/2023:03:20:39 +0000] "GET /fonts/glyphicons-halflings-regular.woff HTTP/1.1" 404 178
::1 - - [06/Apr/2023:03:20:40 +0000] "GET /fonts/glyphicons-halflings-regular.ttf HTTP/1.1" 404 177
::1 - - [06/Apr/2023:03:20:42 +0000] "GET /category HTTP/1.1" 304 -
::1 - - [06/Apr/2023:03:20:42 +0000] "GET /css/bootstrap.min.css HTTP/1.1" 304 -
::1 - - [06/Apr/2023:03:20:42 +0000] "GET /css/styles.css HTTP/1.1" 304 -
::1 - - [06/Apr/2023:03:20:42 +0000] "GET /js/bootstrap.min.js HTTP/1.1" 304 -
::1 - - [06/Apr/2023:03:20:42 +0000] "GET /fonts/glyphicons-halflings-regular.woff HTTP/1.1" 404 178
::1 - - [06/Apr/2023:03:20:42 +0000] "GET /fonts/glyphicons-halflings-regular.ttf HTTP/1.1" 404 177
::1 - - [06/Apr/2023:03:20:44 +0000] "GET /products HTTP/1.1" 304 -
::1 - - [06/Apr/2023:03:20:44 +0000] "GET /css/bootstrap.min.css HTTP/1.1" 304 -
::1 - - [06/Apr/2023:03:20:44 +0000] "GET /css/styles.css HTTP/1.1" 304 -
::1 - - [06/Apr/2023:03:20:44 +0000] "GET /js/bootstrap.min.js HTTP/1.1" 304 -
::1 - - [06/Apr/2023:03:20:44 +0000] "GET /fonts/glyphicons-halflings-regular.woff HTTP/1.1" 404 178
::1 - - [06/Apr/2023:03:20:44 +0000] "GET /fonts/glyphicons-halflings-regular.ttf HTTP/1.1" 404 177
::1 - - [06/Apr/2023:03:21:37 +0000] "GET /category HTTP/1.1" 304 -
::1 - - [06/Apr/2023:03:21:37 +0000] "GET /css/bootstrap.min.css HTTP/1.1" 304 -
::1 - - [06/Apr/2023:03:21:37 +0000] "GET /css/styles.css HTTP/1.1" 304 -
::1 - - [06/Apr/2023:03:21:37 +0000] "GET /js/bootstrap.min.js HTTP/1.1" 304 -
::1 - - [06/Apr/2023:03:21:39 +0000] "GET /fonts/glyphicons-halflings-regular.woff HTTP/1.1" 404 178
::1 - - [06/Apr/2023:03:21:39 +0000] "GET /fonts/glyphicons-halflings-regular.ttf HTTP/1.1" 404 177
